# JRE version: OpenJDK Runtime Environment (8.0_242-b01) (build 1.8.0_242-release-1644-b01)
# Java VM: OpenJDK 64-Bit Server VM (25.242-b01 mixed mode windows-amd64 compressed oops)
Heap:
 PSYoungGen      total 655872K, used 642618K [0x00000000d5580000, 0x0000000100000000, 0x0000000100000000)
  eden space 621056K, 97% used [0x00000000d5580000,0x00000000fa77ccd0,0x00000000fb400000)
  from space 34816K, 98% used [0x00000000fb400000,0x00000000fd591be0,0x00000000fd600000)
  to   space 41472K, 0% used [0x00000000fd780000,0x00000000fd780000,0x0000000100000000)
 ParOldGen       total 168448K, used 70725K [0x0000000080000000, 0x000000008a480000, 0x00000000d5580000)
  object space 168448K, 41% used [0x0000000080000000,0x0000000084511688,0x000000008a480000)
 Metaspace       used 74471K, capacity 78672K, committed 78888K, reserved 1118208K
  class space    used 10138K, capacity 10973K, committed 11056K, reserved 1048576K
GC Heap History (10 events):
Event: 34.304 GC heap before
{Heap before GC invocations=22 (full 3):
 PSYoungGen      total 632320K, used 623955K [0x00000000d5580000, 0x00000000fe980000, 0x0000000100000000)
  eden space 597504K, 100% used [0x00000000d5580000,0x00000000f9d00000,0x00000000f9d00000)
  from space 34816K, 75% used [0x00000000fc080000,0x00000000fda54f10,0x00000000fe280000)
  to   space 36352K, 0% used [0x00000000f9d00000,0x00000000f9d00000,0x00000000fc080000)
 ParOldGen       total 168448K, used 70717K [0x0000000080000000, 0x000000008a480000, 0x00000000d5580000)
  object space 168448K, 41% used [0x0000000080000000,0x000000008450f688,0x000000008a480000)
 Metaspace       used 72875K, capacity 76886K, committed 77096K, reserved 1116160K
  class space    used 9937K, capacity 10762K, committed 10800K, reserved 1048576K
Event: 34.422 GC heap after
Heap after GC invocations=22 (full 3):
 PSYoungGen      total 633856K, used 25662K [0x00000000d5580000, 0x0000000100000000, 0x0000000100000000)
  eden space 597504K, 0% used [0x00000000d5580000,0x00000000d5580000,0x00000000f9d00000)
  from space 36352K, 70% used [0x00000000f9d00000,0x00000000fb60f8b8,0x00000000fc080000)
  to   space 36864K, 0% used [0x00000000fdc00000,0x00000000fdc00000,0x0000000100000000)
 ParOldGen       total 168448K, used 70717K [0x0000000080000000, 0x000000008a480000, 0x00000000d5580000)
  object space 168448K, 41% used [0x0000000080000000,0x000000008450f688,0x000000008a480000)
 Metaspace       used 72875K, capacity 76886K, committed 77096K, reserved 1116160K
  class space    used 9937K, capacity 10762K, committed 10800K, reserved 1048576K
}
Event: 36.823 GC heap before
{Heap before GC invocations=23 (full 3):
 PSYoungGen      total 633856K, used 623166K [0x00000000d5580000, 0x0000000100000000, 0x0000000100000000)
  eden space 597504K, 100% used [0x00000000d5580000,0x00000000f9d00000,0x00000000f9d00000)
  from space 36352K, 70% used [0x00000000f9d00000,0x00000000fb60f8b8,0x00000000fc080000)
  to   space 36864K, 0% used [0x00000000fdc00000,0x00000000fdc00000,0x0000000100000000)
 ParOldGen       total 168448K, used 70717K [0x0000000080000000, 0x000000008a480000, 0x00000000d5580000)
  object space 168448K, 41% used [0x0000000080000000,0x000000008450f688,0x000000008a480000)
 Metaspace       used 72915K, capacity 76958K, committed 77096K, reserved 1116160K
  class space    used 9937K, capacity 10762K, committed 10800K, reserved 1048576K
Event: 36.918 GC heap after
Heap after GC invocations=23 (full 3):
 PSYoungGen      total 657920K, used 29240K [0x00000000d5580000, 0x0000000100000000, 0x0000000100000000)
  eden space 621056K, 0% used [0x00000000d5580000,0x00000000d5580000,0x00000000fb400000)
  from space 36864K, 79% used [0x00000000fdc00000,0x00000000ff88e3a8,0x0000000100000000)
  to   space 38912K, 0% used [0x00000000fb400000,0x00000000fb400000,0x00000000fda00000)
 ParOldGen       total 168448K, used 70717K [0x0000000080000000, 0x000000008a480000, 0x00000000d5580000)
  object space 168448K, 41% used [0x0000000080000000,0x000000008450f688,0x000000008a480000)
 Metaspace       used 72915K, capacity 76958K, committed 77096K, reserved 1116160K
  class space    used 9937K, capacity 10762K, committed 10800K, reserved 1048576K
}
Event: 39.267 GC heap before
{Heap before GC invocations=24 (full 3):
 PSYoungGen      total 657920K, used 650296K [0x00000000d5580000, 0x0000000100000000, 0x0000000100000000)
  eden space 621056K, 100% used [0x00000000d5580000,0x00000000fb400000,0x00000000fb400000)
  from space 36864K, 79% used [0x00000000fdc00000,0x00000000ff88e3a8,0x0000000100000000)
  to   space 38912K, 0% used [0x00000000fb400000,0x00000000fb400000,0x00000000fda00000)
 ParOldGen       total 168448K, used 70717K [0x0000000080000000, 0x000000008a480000, 0x00000000d5580000)
  object space 168448K, 41% used [0x0000000080000000,0x000000008450f688,0x000000008a480000)
 Metaspace       used 72957K, capacity 76962K, committed 77096K, reserved 1116160K
  class space    used 9937K, capacity 10762K, committed 10800K, reserved 1048576K
Event: 39.350 GC heap after
Heap after GC invocations=24 (full 3):
 PSYoungGen      total 659968K, used 25992K [0x00000000d5580000, 0x0000000100000000, 0x0000000100000000)
  eden space 621056K, 0% used [0x00000000d5580000,0x00000000d5580000,0x00000000fb400000)
  from space 38912K, 66% used [0x00000000fb400000,0x00000000fcd622a0,0x00000000fda00000)
  to   space 38912K, 0% used [0x00000000fda00000,0x00000000fda00000,0x0000000100000000)
 ParOldGen       total 168448K, used 70717K [0x0000000080000000, 0x000000008a480000, 0x00000000d5580000)
  object space 168448K, 41% used [0x0000000080000000,0x000000008450f688,0x000000008a480000)
 Metaspace       used 72957K, capacity 76962K, committed 77096K, reserved 1116160K
  class space    used 9937K, capacity 10762K, committed 10800K, reserved 1048576K
}
Event: 41.516 GC heap before
{Heap before GC invocations=25 (full 3):
 PSYoungGen      total 659968K, used 647048K [0x00000000d5580000, 0x0000000100000000, 0x0000000100000000)
  eden space 621056K, 100% used [0x00000000d5580000,0x00000000fb400000,0x00000000fb400000)
  from space 38912K, 66% used [0x00000000fb400000,0x00000000fcd622a0,0x00000000fda00000)
  to   space 38912K, 0% used [0x00000000fda00000,0x00000000fda00000,0x0000000100000000)
 ParOldGen       total 168448K, used 70717K [0x0000000080000000, 0x000000008a480000, 0x00000000d5580000)
  object space 168448K, 41% used [0x0000000080000000,0x000000008450f688,0x000000008a480000)
 Metaspace       used 72980K, capacity 76968K, committed 77096K, reserved 1116160K
  class space    used 9938K, capacity 10763K, committed 10800K, reserved 1048576K
Event: 41.596 GC heap after
Heap after GC invocations=25 (full 3):
 PSYoungGen      total 657920K, used 16287K [0x00000000d5580000, 0x00000000ffe00000, 0x0000000100000000)
  eden space 621056K, 0% used [0x00000000d5580000,0x00000000d5580000,0x00000000fb400000)
  from space 36864K, 44% used [0x00000000fda00000,0x00000000fe9e7e68,0x00000000ffe00000)
  to   space 37888K, 0% used [0x00000000fb400000,0x00000000fb400000,0x00000000fd900000)
 ParOldGen       total 168448K, used 70725K [0x0000000080000000, 0x000000008a480000, 0x00000000d5580000)
  object space 168448K, 41% used [0x0000000080000000,0x0000000084511688,0x000000008a480000)
 Metaspace       used 72980K, capacity 76968K, committed 77096K, reserved 1116160K
  class space    used 9938K, capacity 10763K, committed 10800K, reserved 1048576K
}
Event: 45.111 GC heap before
{Heap before GC invocations=26 (full 3):
 PSYoungGen      total 657920K, used 637343K [0x00000000d5580000, 0x00000000ffe00000, 0x0000000100000000)
  eden space 621056K, 100% used [0x00000000d5580000,0x00000000fb400000,0x00000000fb400000)
  from space 36864K, 44% used [0x00000000fda00000,0x00000000fe9e7e68,0x00000000ffe00000)
  to   space 37888K, 0% used [0x00000000fb400000,0x00000000fb400000,0x00000000fd900000)
 ParOldGen       total 168448K, used 70725K [0x0000000080000000, 0x000000008a480000, 0x00000000d5580000)
  object space 168448K, 41% used [0x0000000080000000,0x0000000084511688,0x000000008a480000)
 Metaspace       used 74466K, capacity 78672K, committed 78888K, reserved 1118208K
  class space    used 10138K, capacity 10973K, committed 11056K, reserved 1048576K
Event: 45.161 GC heap after
Heap after GC invocations=26 (full 3):
 PSYoungGen      total 655872K, used 34374K [0x00000000d5580000, 0x0000000100000000, 0x0000000100000000)
  eden space 621056K, 0% used [0x00000000d5580000,0x00000000d5580000,0x00000000fb400000)
  from space 34816K, 98% used [0x00000000fb400000,0x00000000fd591be0,0x00000000fd600000)
  to   space 41472K, 0% used [0x00000000fd780000,0x00000000fd780000,0x0000000100000000)
 ParOldGen       total 168448K, used 70725K [0x0000000080000000, 0x000000008a480000, 0x00000000d5580000)
  object space 168448K, 41% used [0x0000000080000000,0x0000000084511688,0x000000008a480000)
 Metaspace       used 74466K, capacity 78672K, committed 78888K, reserved 1118208K
  class space    used 10138K, capacity 10973K, committed 11056K, reserved 1048576K
}

